<?xml version="1.0" encoding="UTF-8"?>
<testsuite xmlns:xsi="http://www.w3.org/2001/XMLSchema-instance" xsi:noNamespaceSchemaLocation="https://maven.apache.org/surefire/maven-surefire-plugin/xsd/surefire-test-report-3.0.xsd" version="3.0" name="ecommerce.ECommerceTest" time="0.052" tests="8" errors="0" skipped="0" failures="0">
  <properties>
[...]
</properties>
  <testcase name="checkoutSuccess" classname="ecommerce.ECommerceTest" time="0.023"/>
  <testcase name="totalIsZeroWhenCartIsEmpty" classname="ecommerce.ECommerceTest" time="0.002"/>
  <testcase name="checkoutFailsIfCartEmpty" classname="ecommerce.ECommerceTest" time="0.001"/>
  <testcase name="calculateTotal" classname="ecommerce.ECommerceTest" time="0"/>
  <testcase name="cartStartsEmpty" classname="ecommerce.ECommerceTest" time="0.001"/>
  <testcase name="addProductToCart" classname="ecommerce.ECommerceTest" time="0.001"/>
  <testcase name="checkoutFailsIfPaymentFails" classname="ecommerce.ECommerceTest" time="0.001"/>
  <testcase name="removeProductFromCart" classname="ecommerce.ECommerceTest" time="0.001"/>
</testsuite>